#! /c/Source/iverilog-install/bin/vvp
:ivl_version "12.0 (devel)" "(s20150603-1110-g18392a46)";
:ivl_delay_selection "TYPICAL";
:vpi_time_precision + 0;
:vpi_module "C:\iverilog\lib\ivl\system.vpi";
:vpi_module "C:\iverilog\lib\ivl\vhdl_sys.vpi";
:vpi_module "C:\iverilog\lib\ivl\vhdl_textio.vpi";
:vpi_module "C:\iverilog\lib\ivl\v2005_math.vpi";
:vpi_module "C:\iverilog\lib\ivl\va_math.vpi";
S_0000020a16a9deb0 .scope module, "core" "core" 2 6;
 .timescale 0 0;
    .port_info 0 /INPUT 1 "clk";
    .port_info 1 /INPUT 1 "reset";
    .port_info 2 /INPUT 32 "x_mouse";
    .port_info 3 /INPUT 32 "y_mouse";
    .port_info 4 /INPUT 32 "enforce_upper_x";
    .port_info 5 /INPUT 32 "enforce_upper_y";
    .port_info 6 /INPUT 32 "enforce_lower_x";
    .port_info 7 /INPUT 32 "enforce_lower_y";
    .port_info 8 /OUTPUT 155 "all_nodes_x_position";
    .port_info 9 /OUTPUT 155 "all_nodes_y_position";
P_0000020a16a97010 .param/l "core_id" 0 2 8, +C4<00000000000000000000000000000001>;
P_0000020a16a97048 .param/l "node_contains" 0 2 7, +C4<00000000000000000000000000000101>;
P_0000020a16a97080 .param/l "width" 0 2 9, +C4<00000000000000000000000000100000>;
o0000020a16b14c98 .functor BUFZ 155, C4<zzzzzzzzzzzzzzzzzzzzzzzzzzzzzzzzzzzzzzzzzzzzzzzzzzzzzzzzzzzzzzzzzzzzzzzzzzzzzzzzzzzzzzzzzzzzzzzzzzzzzzzzzzzzzzzzzzzzzzzzzzzzzzzzzzzzzzzzzzzzzzzzzzzzzzzzzzz>; HiZ drive
v0000020a16b6ef30_0 .net "all_nodes_x_position", 154 0, o0000020a16b14c98;  0 drivers
o0000020a16b14cc8 .functor BUFZ 155, C4<zzzzzzzzzzzzzzzzzzzzzzzzzzzzzzzzzzzzzzzzzzzzzzzzzzzzzzzzzzzzzzzzzzzzzzzzzzzzzzzzzzzzzzzzzzzzzzzzzzzzzzzzzzzzzzzzzzzzzzzzzzzzzzzzzzzzzzzzzzzzzzzzzzzzzzzzzzz>; HiZ drive
v0000020a16b6e530_0 .net "all_nodes_y_position", 154 0, o0000020a16b14cc8;  0 drivers
o0000020a16b13c48 .functor BUFZ 1, C4<z>; HiZ drive
v0000020a16b6e350_0 .net "clk", 0 0, o0000020a16b13c48;  0 drivers
v0000020a16b6ed50_0 .net "data_in_address", 31 0, v0000020a16b0b430_0;  1 drivers
o0000020a16b14cf8 .functor BUFZ 32, C4<zzzzzzzzzzzzzzzzzzzzzzzzzzzzzzzz>; HiZ drive
v0000020a16b6e710_0 .net "enforce_lower_x", 31 0, o0000020a16b14cf8;  0 drivers
o0000020a16b14d28 .functor BUFZ 32, C4<zzzzzzzzzzzzzzzzzzzzzzzzzzzzzzzz>; HiZ drive
v0000020a16b6e0d0_0 .net "enforce_lower_y", 31 0, o0000020a16b14d28;  0 drivers
o0000020a16b14d58 .functor BUFZ 32, C4<zzzzzzzzzzzzzzzzzzzzzzzzzzzzzzzz>; HiZ drive
v0000020a16b6d090_0 .net "enforce_upper_x", 31 0, o0000020a16b14d58;  0 drivers
o0000020a16b14d88 .functor BUFZ 32, C4<zzzzzzzzzzzzzzzzzzzzzzzzzzzzzzzz>; HiZ drive
v0000020a16b6db30_0 .net "enforce_upper_y", 31 0, o0000020a16b14d88;  0 drivers
v0000020a16b6edf0_0 .net "fixed_x", 31 0, L_0000020a16b71020;  1 drivers
v0000020a16b6d270_0 .net "fixed_y", 31 0, L_0000020a16b722e0;  1 drivers
v0000020a16b6ee90_0 .net "pre_x_mouse_affected", 31 0, L_0000020a16b71b60;  1 drivers
v0000020a16b6d450_0 .net "pre_x_position", 31 0, v0000020a16b0bed0_0;  1 drivers
v0000020a16b6d130_0 .net "pre_y_position", 31 0, v0000020a16b0c330_0;  1 drivers
v0000020a16b6d590 .array "ram", 0 4, 127 0;
v0000020a16b6dbd0_0 .net "ram_flatted", 639 0, L_0000020a16b70f80;  1 drivers
o0000020a16b13ca8 .functor BUFZ 1, C4<z>; HiZ drive
v0000020a16b6de50_0 .net "reset", 0 0, o0000020a16b13ca8;  0 drivers
v0000020a16b6d630_0 .net "verlet_cnt_sig", 31 0, v0000020a16b0c8d0_0;  1 drivers
o0000020a16b14788 .functor BUFZ 32, C4<zzzzzzzzzzzzzzzzzzzzzzzzzzzzzzzz>; HiZ drive
v0000020a16b6def0_0 .net "x_mouse", 31 0, o0000020a16b14788;  0 drivers
v0000020a16b6df90_0 .net "x_position", 31 0, v0000020a16b0d0f0_0;  1 drivers
o0000020a16b147e8 .functor BUFZ 32, C4<zzzzzzzzzzzzzzzzzzzzzzzzzzzzzzzz>; HiZ drive
v0000020a16b6e030_0 .net "y_mouse", 31 0, o0000020a16b147e8;  0 drivers
v0000020a16b6e170_0 .net "y_position", 31 0, v0000020a16b0c010_0;  1 drivers
v0000020a16b6d590_0 .array/port v0000020a16b6d590, 0;
v0000020a16b6d590_1 .array/port v0000020a16b6d590, 1;
v0000020a16b6d590_2 .array/port v0000020a16b6d590, 2;
v0000020a16b6d590_3 .array/port v0000020a16b6d590, 3;
LS_0000020a16b70f80_0_0 .concat8 [ 128 128 128 128], v0000020a16b6d590_0, v0000020a16b6d590_1, v0000020a16b6d590_2, v0000020a16b6d590_3;
v0000020a16b6d590_4 .array/port v0000020a16b6d590, 4;
LS_0000020a16b70f80_0_4 .concat8 [ 128 0 0 0], v0000020a16b6d590_4;
L_0000020a16b70f80 .concat8 [ 512 128 0 0], LS_0000020a16b70f80_0_0, LS_0000020a16b70f80_0_4;
S_0000020a16a9e040 .scope module, "cu" "core_control_unit" 2 28, 3 1 0, S_0000020a16a9deb0;
 .timescale 0 0;
    .port_info 0 /INPUT 1 "clk";
    .port_info 1 /INPUT 1 "reset";
    .port_info 2 /OUTPUT 32 "verlet_cnt_sig";
    .port_info 3 /OUTPUT 32 "ram_data_in_address";
P_0000020a16a9b1b0 .param/l "number_of_node_in_core" 0 3 3, +C4<00000000000000000000000000000101>;
P_0000020a16a9b1e8 .param/l "width" 0 3 2, +C4<00000000000000000000000000100000>;
v0000020a16b0c6f0_0 .net "clk", 0 0, o0000020a16b13c48;  alias, 0 drivers
v0000020a16b0b430_0 .var "ram_data_in_address", 31 0;
v0000020a16b0d050_0 .net "reset", 0 0, o0000020a16b13ca8;  alias, 0 drivers
v0000020a16b0c8d0_0 .var "verlet_cnt_sig", 31 0;
E_0000020a16b106b0 .event posedge, v0000020a16b0c6f0_0;
S_0000020a16a9e1d0 .scope begin, "repeat_cycle" "repeat_cycle" 3 17, 3 17 0, S_0000020a16a9e040;
 .timescale 0 0;
S_0000020a16aeac00 .scope generate, "genblk1[0]" "genblk1[0]" 2 42, 2 42 0, S_0000020a16a9deb0;
 .timescale 0 0;
P_0000020a16b107f0 .param/l "i" 0 2 42, +C4<00>;
v0000020a16b0cc90_0 .net *"_ivl_2", 127 0, v0000020a16b6d590_0;  1 drivers
S_0000020a16aead90 .scope generate, "genblk1[1]" "genblk1[1]" 2 42, 2 42 0, S_0000020a16a9deb0;
 .timescale 0 0;
P_0000020a16b10730 .param/l "i" 0 2 42, +C4<01>;
v0000020a16b0b570_0 .net *"_ivl_2", 127 0, v0000020a16b6d590_1;  1 drivers
S_0000020a16aeaf20 .scope generate, "genblk1[2]" "genblk1[2]" 2 42, 2 42 0, S_0000020a16a9deb0;
 .timescale 0 0;
P_0000020a16b105f0 .param/l "i" 0 2 42, +C4<010>;
v0000020a16b0c290_0 .net *"_ivl_2", 127 0, v0000020a16b6d590_2;  1 drivers
S_0000020a16afa3d0 .scope generate, "genblk1[3]" "genblk1[3]" 2 42, 2 42 0, S_0000020a16a9deb0;
 .timescale 0 0;
P_0000020a16b10030 .param/l "i" 0 2 42, +C4<011>;
v0000020a16b0cfb0_0 .net *"_ivl_2", 127 0, v0000020a16b6d590_3;  1 drivers
S_0000020a16afa560 .scope generate, "genblk1[4]" "genblk1[4]" 2 42, 2 42 0, S_0000020a16a9deb0;
 .timescale 0 0;
P_0000020a16b10a30 .param/l "i" 0 2 42, +C4<0100>;
v0000020a16b0cab0_0 .net *"_ivl_2", 127 0, v0000020a16b6d590_4;  1 drivers
S_0000020a16afa6f0 .scope module, "is" "input_selector" 2 47, 4 1 0, S_0000020a16a9deb0;
 .timescale 0 0;
    .port_info 0 /INPUT 640 "ram_flatted";
    .port_info 1 /INPUT 32 "selector";
    .port_info 2 /OUTPUT 32 "pre_x_position";
    .port_info 3 /OUTPUT 32 "pre_y_position";
    .port_info 4 /OUTPUT 32 "x_position";
    .port_info 5 /OUTPUT 32 "y_position";
P_0000020a16a9afb0 .param/l "node_contains" 0 4 3, +C4<00000000000000000000000000000101>;
P_0000020a16a9afe8 .param/l "width" 0 4 2, +C4<00000000000000000000000000100000>;
L_0000020a16b6f930 .functor BUFZ 32, v0000020a16b0b750_0, C4<00000000000000000000000000000000>, C4<00000000000000000000000000000000>, C4<00000000000000000000000000000000>;
v0000020a16b0b750_0 .var/i "i", 31 0;
v0000020a16b0c5b0_0 .net "i_wire", 31 0, L_0000020a16b6f930;  1 drivers
v0000020a16b0bed0_0 .var "pre_x_position", 31 0;
v0000020a16b0c330_0 .var "pre_y_position", 31 0;
v0000020a16b0bf70_0 .net "ram_flatted", 639 0, L_0000020a16b70f80;  alias, 1 drivers
v0000020a16b0b930_0 .net "selector", 31 0, v0000020a16b0c8d0_0;  alias, 1 drivers
v0000020a16b0d0f0_0 .var "x_position", 31 0;
v0000020a16b0c010_0 .var "y_position", 31 0;
E_0000020a16b10370 .event anyedge, v0000020a16b0c8d0_0, v0000020a16b0bf70_0;
S_0000020a16a96a20 .scope module, "mdu" "mouse_distance_unit" 2 66, 5 1 0, S_0000020a16a9deb0;
 .timescale 0 0;
    .port_info 0 /INPUT 32 "x_pos";
    .port_info 1 /INPUT 32 "y_pos";
    .port_info 2 /INPUT 32 "x_mouse";
    .port_info 3 /INPUT 32 "y_mouse";
    .port_info 4 /OUTPUT 32 "x_affected";
P_0000020a16b103f0 .param/l "width" 0 5 2, +C4<00000000000000000000000000100000>;
L_0000020a16b6f4d0 .functor AND 1, L_0000020a16b72240, L_0000020a16b70800, C4<1>, C4<1>;
v0000020a16b0bb10_0 .net *"_ivl_10", 31 0, L_0000020a16b717a0;  1 drivers
v0000020a16b0b890_0 .net *"_ivl_15", 0 0, L_0000020a16b713e0;  1 drivers
L_0000020a16ba01a8 .functor BUFT 1, C4<00000000000000000000000000000000>, C4<0>, C4<0>, C4<0>;
v0000020a16b0d2d0_0 .net *"_ivl_16", 31 0, L_0000020a16ba01a8;  1 drivers
v0000020a16b0d190_0 .net *"_ivl_19", 31 0, L_0000020a16b721a0;  1 drivers
v0000020a16b0b9d0_0 .net *"_ivl_20", 31 0, L_0000020a16b71d40;  1 drivers
v0000020a16b0d230_0 .net *"_ivl_24", 31 0, L_0000020a16b70580;  1 drivers
v0000020a16b0b4d0_0 .net *"_ivl_26", 19 0, L_0000020a16b71ca0;  1 drivers
L_0000020a16ba01f0 .functor BUFT 1, C4<000000000000>, C4<0>, C4<0>, C4<0>;
v0000020a16b0cbf0_0 .net *"_ivl_28", 11 0, L_0000020a16ba01f0;  1 drivers
L_0000020a16ba0238 .functor BUFT 1, C4<00000000000000000000000000010100>, C4<0>, C4<0>, C4<0>;
v0000020a16b0c0b0_0 .net/2u *"_ivl_30", 31 0, L_0000020a16ba0238;  1 drivers
v0000020a16b0be30_0 .net *"_ivl_32", 0 0, L_0000020a16b72240;  1 drivers
v0000020a16b0b610_0 .net *"_ivl_34", 31 0, L_0000020a16b71840;  1 drivers
v0000020a16b0c150_0 .net *"_ivl_36", 19 0, L_0000020a16b71a20;  1 drivers
L_0000020a16ba0280 .functor BUFT 1, C4<000000000000>, C4<0>, C4<0>, C4<0>;
v0000020a16b0c510_0 .net *"_ivl_38", 11 0, L_0000020a16ba0280;  1 drivers
L_0000020a16ba02c8 .functor BUFT 1, C4<00000000000000000000000000010100>, C4<0>, C4<0>, C4<0>;
v0000020a16b0ba70_0 .net/2u *"_ivl_40", 31 0, L_0000020a16ba02c8;  1 drivers
v0000020a16b0ca10_0 .net *"_ivl_42", 0 0, L_0000020a16b70800;  1 drivers
v0000020a16b0cd30_0 .net *"_ivl_45", 0 0, L_0000020a16b6f4d0;  1 drivers
L_0000020a16ba0310 .functor BUFT 1, C4<01>, C4<0>, C4<0>, C4<0>;
v0000020a16b0bbb0_0 .net/2s *"_ivl_46", 1 0, L_0000020a16ba0310;  1 drivers
L_0000020a16ba0358 .functor BUFT 1, C4<00>, C4<0>, C4<0>, C4<0>;
v0000020a16b0bc50_0 .net/2s *"_ivl_48", 1 0, L_0000020a16ba0358;  1 drivers
v0000020a16b0bcf0_0 .net *"_ivl_5", 0 0, L_0000020a16b72060;  1 drivers
v0000020a16b0c650_0 .net *"_ivl_50", 1 0, L_0000020a16b71ac0;  1 drivers
v0000020a16b0bd90_0 .net *"_ivl_55", 0 0, L_0000020a16b72380;  1 drivers
L_0000020a16ba03a0 .functor BUFT 1, C4<00000000000000001010000000000000>, C4<0>, C4<0>, C4<0>;
v0000020a16b0c1f0_0 .net/2u *"_ivl_56", 31 0, L_0000020a16ba03a0;  1 drivers
v0000020a16b0c3d0_0 .net *"_ivl_58", 31 0, L_0000020a16b70c60;  1 drivers
L_0000020a16ba0160 .functor BUFT 1, C4<00000000000000000000000000000000>, C4<0>, C4<0>, C4<0>;
v0000020a16b0c790_0 .net *"_ivl_6", 31 0, L_0000020a16ba0160;  1 drivers
L_0000020a16ba03e8 .functor BUFT 1, C4<00000000000000001010000000000000>, C4<0>, C4<0>, C4<0>;
v0000020a16b0c970_0 .net/2u *"_ivl_60", 31 0, L_0000020a16ba03e8;  1 drivers
v0000020a16b0cdd0_0 .net *"_ivl_62", 31 0, L_0000020a16b71e80;  1 drivers
v0000020a16adfe20_0 .net *"_ivl_9", 31 0, L_0000020a16b71c00;  1 drivers
v0000020a16b6d1d0_0 .net "abs_dist_x", 0 0, L_0000020a16b72100;  1 drivers
v0000020a16b6e210_0 .net "abs_dist_y", 0 0, L_0000020a16b70d00;  1 drivers
o0000020a16b14698 .functor BUFZ 32, C4<zzzzzzzzzzzzzzzzzzzzzzzzzzzzzzzz>; HiZ drive
v0000020a16b6d4f0_0 .net "abs_x_dist", 31 0, o0000020a16b14698;  0 drivers
o0000020a16b146c8 .functor BUFZ 32, C4<zzzzzzzzzzzzzzzzzzzzzzzzzzzzzzzz>; HiZ drive
v0000020a16b6d8b0_0 .net "abs_y_dist", 31 0, o0000020a16b146c8;  0 drivers
v0000020a16b6ec10_0 .net "is_close", 0 0, L_0000020a16b70940;  1 drivers
v0000020a16b6d3b0_0 .net "x_affected", 31 0, L_0000020a16b71b60;  alias, 1 drivers
v0000020a16b6dd10_0 .net "x_dist", 31 0, L_0000020a16b71200;  1 drivers
v0000020a16b6ecb0_0 .net "x_mouse", 31 0, o0000020a16b14788;  alias, 0 drivers
v0000020a16b6e490_0 .net "x_pos", 31 0, v0000020a16b0d0f0_0;  alias, 1 drivers
v0000020a16b6d810_0 .net "y_dist", 31 0, L_0000020a16b71340;  1 drivers
v0000020a16b6d950_0 .net "y_mouse", 31 0, o0000020a16b147e8;  alias, 0 drivers
v0000020a16b6dc70_0 .net "y_pos", 31 0, v0000020a16b0c010_0;  alias, 1 drivers
L_0000020a16b71200 .arith/sub 32, o0000020a16b14788, v0000020a16b0d0f0_0;
L_0000020a16b71340 .arith/sub 32, o0000020a16b147e8, v0000020a16b0c010_0;
L_0000020a16b72060 .part L_0000020a16b71200, 31, 1;
L_0000020a16b71c00 .arith/sub 32, L_0000020a16ba0160, L_0000020a16b71200;
L_0000020a16b717a0 .functor MUXZ 32, L_0000020a16b71200, L_0000020a16b71c00, L_0000020a16b72060, C4<>;
L_0000020a16b72100 .part L_0000020a16b717a0, 0, 1;
L_0000020a16b713e0 .part L_0000020a16b71340, 31, 1;
L_0000020a16b721a0 .arith/sub 32, L_0000020a16ba01a8, L_0000020a16b71340;
L_0000020a16b71d40 .functor MUXZ 32, L_0000020a16b71340, L_0000020a16b721a0, L_0000020a16b713e0, C4<>;
L_0000020a16b70d00 .part L_0000020a16b71d40, 0, 1;
L_0000020a16b71ca0 .part o0000020a16b146c8, 12, 20;
L_0000020a16b70580 .concat [ 20 12 0 0], L_0000020a16b71ca0, L_0000020a16ba01f0;
L_0000020a16b72240 .cmp/gt 32, L_0000020a16ba0238, L_0000020a16b70580;
L_0000020a16b71a20 .part o0000020a16b14698, 12, 20;
L_0000020a16b71840 .concat [ 20 12 0 0], L_0000020a16b71a20, L_0000020a16ba0280;
L_0000020a16b70800 .cmp/gt 32, L_0000020a16ba02c8, L_0000020a16b71840;
L_0000020a16b71ac0 .functor MUXZ 2, L_0000020a16ba0358, L_0000020a16ba0310, L_0000020a16b6f4d0, C4<>;
L_0000020a16b70940 .part L_0000020a16b71ac0, 0, 1;
L_0000020a16b72380 .part L_0000020a16b71200, 31, 1;
L_0000020a16b70c60 .arith/sum 32, v0000020a16b0d0f0_0, L_0000020a16ba03a0;
L_0000020a16b71e80 .arith/sub 32, v0000020a16b0d0f0_0, L_0000020a16ba03e8;
L_0000020a16b71b60 .functor MUXZ 32, L_0000020a16b71e80, L_0000020a16b70c60, L_0000020a16b72380, C4<>;
S_0000020a16b6f050 .scope module, "viu" "verlet_integration_unit" 2 56, 6 1 0, S_0000020a16a9deb0;
 .timescale 0 0;
    .port_info 0 /INPUT 32 "x_position";
    .port_info 1 /INPUT 32 "y_position";
    .port_info 2 /INPUT 32 "pre_x_position";
    .port_info 3 /INPUT 32 "pre_y_position";
    .port_info 4 /OUTPUT 32 "fixed_x";
    .port_info 5 /OUTPUT 32 "fixed_y";
P_0000020a16af3170 .param/l "distance" 0 6 3, +C4<00000000000000000000000000001010>;
P_0000020a16af31a8 .param/l "mouse_effect" 0 6 4, +C4<00000000000000000000000000001010>;
P_0000020a16af31e0 .param/l "width" 0 6 2, +C4<00000000000000000000000000100000>;
L_0000020a16ba00d0 .functor BUFT 1, C4<0>, C4<0>, C4<0>, C4<0>;
v0000020a16b6e2b0_0 .net *"_ivl_10", 0 0, L_0000020a16ba00d0;  1 drivers
v0000020a16b6d6d0_0 .net *"_ivl_16", 31 0, L_0000020a16b710c0;  1 drivers
L_0000020a16ba0430 .functor BUFT 1, C4<00000000000000000000000000000001>, C4<0>, C4<0>, C4<0>;
v0000020a16b6d770_0 .net *"_ivl_18", 31 0, L_0000020a16ba0430;  1 drivers
v0000020a16b6d9f0_0 .net *"_ivl_2", 30 0, L_0000020a16b70bc0;  1 drivers
L_0000020a16ba0088 .functor BUFT 1, C4<0>, C4<0>, C4<0>, C4<0>;
v0000020a16b6e8f0_0 .net *"_ivl_4", 0 0, L_0000020a16ba0088;  1 drivers
v0000020a16b6e7b0_0 .net *"_ivl_8", 30 0, L_0000020a16b70da0;  1 drivers
L_0000020a16ba0118 .functor BUFT 1, C4<1>, C4<0>, C4<0>, C4<0>;
v0000020a16b6ea30_0 .net "fix_point_gravity", 0 0, L_0000020a16ba0118;  1 drivers
v0000020a16b6da90_0 .net "fixed_x", 31 0, L_0000020a16b71020;  alias, 1 drivers
v0000020a16b6ead0_0 .net "fixed_y", 31 0, L_0000020a16b722e0;  alias, 1 drivers
v0000020a16b6e850_0 .var "mult_sig", 1 0;
v0000020a16b6e670_0 .net "pre_x_position", 31 0, v0000020a16b0bed0_0;  alias, 1 drivers
v0000020a16b6e5d0_0 .net "pre_y_position", 31 0, v0000020a16b0c330_0;  alias, 1 drivers
v0000020a16b6ddb0_0 .var "sub_sig", 1 0;
v0000020a16b6d310_0 .net "x_mult2", 31 0, L_0000020a16b71520;  1 drivers
v0000020a16b6e3f0_0 .net "x_position", 31 0, v0000020a16b0d0f0_0;  alias, 1 drivers
v0000020a16b6e990_0 .net "y_mult2", 31 0, L_0000020a16b71160;  1 drivers
v0000020a16b6eb70_0 .net "y_position", 31 0, v0000020a16b0c010_0;  alias, 1 drivers
L_0000020a16b70bc0 .part v0000020a16b0d0f0_0, 0, 31;
L_0000020a16b71520 .concat [ 1 31 0 0], L_0000020a16ba0088, L_0000020a16b70bc0;
L_0000020a16b70da0 .part v0000020a16b0c010_0, 0, 31;
L_0000020a16b71160 .concat [ 1 31 0 0], L_0000020a16ba00d0, L_0000020a16b70da0;
L_0000020a16b71020 .arith/sub 32, L_0000020a16b71520, v0000020a16b0bed0_0;
L_0000020a16b710c0 .arith/sub 32, L_0000020a16b71160, v0000020a16b0c330_0;
L_0000020a16b722e0 .arith/sum 32, L_0000020a16b710c0, L_0000020a16ba0430;
S_0000020a16b6f1e0 .scope begin, "write_new_verlete_integrated_value" "write_new_verlete_integrated_value" 2 75, 2 75 0, S_0000020a16a9deb0;
 .timescale 0 0;
    .scope S_0000020a16a9e040;
T_0 ;
    %wait E_0000020a16b106b0;
    %load/vec4 v0000020a16b0d050_0;
    %flag_set/vec4 8;
    %jmp/0xz  T_0.0, 8;
    %pushi/vec4 1, 0, 32;
    %assign/vec4 v0000020a16b0c8d0_0, 0;
    %pushi/vec4 1, 0, 32;
    %assign/vec4 v0000020a16b0b430_0, 0;
    %jmp T_0.1;
T_0.0 ;
    %load/vec4 v0000020a16b0c8d0_0;
    %parti/s 1, 4, 4;
    %pad/u 32;
    %cmpi/e 1, 0, 32;
    %jmp/0xz  T_0.2, 4;
    %fork t_1, S_0000020a16a9e1d0;
    %jmp t_0;
    .scope S_0000020a16a9e1d0;
t_1 ;
    %pushi/vec4 1, 0, 32;
    %assign/vec4 v0000020a16b0c8d0_0, 0;
    %pushi/vec4 1, 0, 32;
    %assign/vec4 v0000020a16b0b430_0, 0;
    %end;
    .scope S_0000020a16a9e040;
t_0 %join;
    %jmp T_0.3;
T_0.2 ;
    %load/vec4 v0000020a16b0c8d0_0;
    %ix/load 4, 1, 0;
    %flag_set/imm 4, 0;
    %shiftl 4;
    %assign/vec4 v0000020a16b0c8d0_0, 0;
    %load/vec4 v0000020a16b0b430_0;
    %addi 5, 0, 32;
    %assign/vec4 v0000020a16b0b430_0, 0;
T_0.3 ;
T_0.1 ;
    %jmp T_0;
    .thread T_0;
    .scope S_0000020a16afa6f0;
T_1 ;
    %wait E_0000020a16b10370;
    %pushi/vec4 0, 0, 32;
    %store/vec4 v0000020a16b0b750_0, 0, 32;
T_1.0 ;
    %load/vec4 v0000020a16b0b750_0;
    %cmpi/s 5, 0, 32;
    %jmp/0xz T_1.1, 5;
    %load/vec4 v0000020a16b0b930_0;
    %load/vec4 v0000020a16b0b750_0;
    %part/s 1;
    %flag_set/vec4 8;
    %jmp/0xz  T_1.2, 8;
    %load/vec4 v0000020a16b0bf70_0;
    %load/vec4 v0000020a16b0b750_0;
    %muli 4, 0, 32;
    %muli 32, 0, 32;
    %part/s 128;
    %pad/u 32;
    %store/vec4 v0000020a16b0d0f0_0, 0, 32;
    %load/vec4 v0000020a16b0bf70_0;
    %load/vec4 v0000020a16b0b750_0;
    %muli 4, 0, 32;
    %addi 1, 0, 32;
    %muli 32, 0, 32;
    %part/s 128;
    %pad/u 32;
    %store/vec4 v0000020a16b0c010_0, 0, 32;
    %load/vec4 v0000020a16b0bf70_0;
    %load/vec4 v0000020a16b0b750_0;
    %muli 4, 0, 32;
    %addi 2, 0, 32;
    %muli 32, 0, 32;
    %part/s 128;
    %pad/u 32;
    %store/vec4 v0000020a16b0bed0_0, 0, 32;
    %load/vec4 v0000020a16b0bf70_0;
    %load/vec4 v0000020a16b0b750_0;
    %muli 4, 0, 32;
    %addi 3, 0, 32;
    %muli 32, 0, 32;
    %part/s 128;
    %pad/u 32;
    %store/vec4 v0000020a16b0c330_0, 0, 32;
T_1.2 ;
    %load/vec4 v0000020a16b0b750_0;
    %addi 1, 0, 32;
    %store/vec4 v0000020a16b0b750_0, 0, 32;
    %jmp T_1.0;
T_1.1 ;
    %jmp T_1;
    .thread T_1, $push;
    .scope S_0000020a16b6f050;
T_2 ;
    %pushi/vec4 1, 0, 2;
    %store/vec4 v0000020a16b6ddb0_0, 0, 2;
    %pushi/vec4 2, 0, 2;
    %store/vec4 v0000020a16b6e850_0, 0, 2;
    %end;
    .thread T_2;
    .scope S_0000020a16a9deb0;
T_3 ;
    %wait E_0000020a16b106b0;
    %fork t_3, S_0000020a16b6f1e0;
    %jmp t_2;
    .scope S_0000020a16b6f1e0;
t_3 ;
    %load/vec4 v0000020a16b6e170_0;
    %load/vec4 v0000020a16b6ee90_0;
    %concat/vec4; draw_concat_vec4
    %load/vec4 v0000020a16b6d270_0;
    %concat/vec4; draw_concat_vec4
    %load/vec4 v0000020a16b6edf0_0;
    %concat/vec4; draw_concat_vec4
    %ix/getv 3, v0000020a16b6ed50_0;
    %ix/load 4, 0, 0; Constant delay
    %assign/vec4/a/d v0000020a16b6d590, 0, 4;
    %end;
    .scope S_0000020a16a9deb0;
t_2 %join;
    %jmp T_3;
    .thread T_3;
# The file index is used to find the file name in the following table.
:file_names 7;
    "N/A";
    "<interactive>";
    "core.v";
    "./core_control_unit.v";
    "./input_selector.v";
    "./mouse_distance_unit.v";
    "./verlet_integration_unit.v";
